Welcome to the Synacor Challenge!
Please record your progress by putting codes like
this one into the challenge website: YurxnAikRjxu

Executing self-test...

self-test complete, all tests pass
The self-test completion code is: QieZfTCocnNl

== Foothills ==
You find yourself standing at the base of an enormous mountain.  At its base to the north, there is a massive doorway.  A sign nearby reads "Keep out!  Definitely no treasure within!"

Things of interest here:
- tablet

There are 2 exits:
- doorway
- south

What do you do?


Taken.

What do you do?


You find yourself writing "eVtjKqYzXtQU" on the tablet.  Perhaps it's some kind of code?


What do you do?


== Foothills ==
As you begin to leave, you feel the urge for adventure pulling you back...

There is 1 exit:
- north

What do you do?


== Foothills ==
You find yourself standing at the base of an enormous mountain.  At its base to the north, there is a massive doorway.  A sign nearby reads "Keep out!  Definitely no treasure within!"

There are 2 exits:
- doorway
- south

What do you do?


== Dark cave ==
This seems to be the mouth of a deep cave.  As you peer north into the darkness, you think you hear the echoes of bats deeper within.

There are 2 exits:
- north
- south

What do you do?


== Dark cave ==
The cave is somewhat narrow here, and the light from the doorway to the south is quite dim.

There are 2 exits:
- north
- south

What do you do?


== Dark cave ==
The cave acoustics dramatically change as you find yourself at a legde above a large chasm.  There is barely enough light here to notice a rope bridge leading out into the dark emptiness.

There are 2 exits:
- bridge
- south

What do you do?


== Rope bridge ==
This rope bridge creaks as you walk along it.  You aren't sure how old it is, or whether it can even support your weight.

There are 2 exits:
- continue
- back

What do you do?


== Falling through the air! ==
As you continue along the bridge, it snaps!  You try to grab the bridge, but it evades your grasp in the darkness.  You are plummeting quickly downward into the chasm...

There is 1 exit:
- down

What do you do?


== Moss cavern ==
You are standing in a large cavern full of bioluminescent moss.  It must have broken your fall!  The cavern extends to the east and west; at the west end, you think you see a passage leading out of the cavern.

There are 2 exits:
- west
- east

What do you do?


== Moss cavern ==
You are standing in a large cavern full of bioluminescent moss.  The cavern extends to the west.

Things of interest here:
- empty lantern

There is 1 exit:
- west

What do you do?


Taken.

What do you do?


== Moss cavern ==
You are standing in a large cavern full of bioluminescent moss.  It must have broken your fall!  The cavern extends to the east and west; at the west end, you think you see a passage leading out of the cavern.

There are 2 exits:
- west
- east

What do you do?


Your inventory:
- tablet
- empty lantern

What do you do?


== Moss cavern ==
You are standing in a large cavern full of bioluminescent moss.  The cavern extends to the east.  There is a crevise in the rocks which opens into a passage.

There are 2 exits:
- east
- passage

What do you do?


== Moss cavern ==
You are standing in a large cavern full of bioluminescent moss.  It must have broken your fall!  The cavern extends to the east and west; at the west end, you think you see a passage leading out of the cavern.

There are 2 exits:
- west
- east

What do you do?


== Moss cavern ==
You are standing in a large cavern full of bioluminescent moss.  The cavern extends to the west.

There is 1 exit:
- west

What do you do?


== Moss cavern ==
You are standing in a large cavern full of bioluminescent moss.  It must have broken your fall!  The cavern extends to the east and west; at the west end, you think you see a passage leading out of the cavern.

There are 2 exits:
- west
- east

What do you do?


== Moss cavern ==
You are standing in a large cavern full of bioluminescent moss.  The cavern extends to the east.  There is a crevise in the rocks which opens into a passage.

There are 2 exits:
- east
- passage

What do you do?


== Passage ==
You are in a crevise on the west wall of the moss cavern.  A dark passage leads further west.  There is a ladder here which leads down into a smaller, moss-filled cavern below.

There are 3 exits:
- cavern
- ladder
- darkness

What do you do?


== Twisty passages ==
You are in a maze of twisty little passages, all dimly lit by more bioluminescent moss.  There is a ladder here leading up.

There are 5 exits:
- ladder
- north
- south
- east
- west

What do you do?


== Twisty passages ==
You are in a little maze of twisty passages, all alike.

There are 3 exits:
- north
- south
- east

What do you do?


== Twisty passages ==
You are in a twisty alike of little passages, all maze.

The east passage appears very dark; you feel likely to be eaten by a Grue.

There are 4 exits:
- north
- south
- west
- east

What do you do?


Chiseled on the wall of one of the passageways, you see:

    mqHDPcAEphtK

You take note of this and keep walking.

== Twisty passages ==
You are in a maze of twisty little passages, all alike.

Things of interest here:
- can

There is 1 exit:
- west

What do you do?


Taken.

What do you do?


You fill your lantern with oil.  It seems to cheer up!


What do you do?


You light your lantern.

== Twisty passages ==
You are in a maze of twisty little passages, all alike.

There is 1 exit:
- west

What do you do?


== Twisty passages ==
You are in a maze of twisty little passages, all dimly lit by more bioluminescent moss.  There is a ladder here leading up.

There are 5 exits:
- ladder
- north
- south
- east
- west

What do you do?


== Passage ==
You are in a crevise on the west wall of the moss cavern.  A dark passage leads further west.  There is a ladder here which leads down into a smaller, moss-filled cavern below.

There are 3 exits:
- cavern
- ladder
- darkness

What do you do?


== Passage ==
You feel that your light source is more than sufficient to keep grues away.

There are 2 exits:
- continue
- back

What do you do?


== Dark passage ==
You are in a narrow passage.  There is darkness to the west, but you can barely see a glowing opening to the east.

There are 2 exits:
- west
- east

What do you do?


== Dark passage ==
You are in a dark, narrow passage.

There are 2 exits:
- east
- west

What do you do?


== Dark passage ==
You are in a dark, narrow passage.

There are 2 exits:
- east
- west

What do you do?


== Dark passage ==
You are in a dark, narrow passage.  To the west, you spot some vegetation where the passage expands.

There are 2 exits:
- east
- west

What do you do?


== Ruins ==
You stand in a large cavern with a huge ruin to the north, overgrown by plant life.  There is a large stone archway to the north acting as the doorway to the ruined complex.  A crevice in the rock to the east leads to an alarmingly dark passageway.

There are 2 exits:
- east
- north

What do you do?


== Ruins ==
You are in the once-opulent foyer of a massive ruined complex.  There is a door to the south leading to the overgrowth outside and stairs to the north which lead into a larger hall.

Things of interest here:
- red coin

There are 2 exits:
- north
- south

What do you do?


Taken.

What do you do?


== Ruins ==
You stand in the massive central hall of these ruins.  The walls are crumbling, and vegetation has clearly taken over.  Rooms are attached in all directions.  There is a strange monument in the center of the hall with circular slots and unusual symbols.  It reads:

_ + _ * _^2 + _^3 - _ = 399

There are 4 exits:
- north
- south
- east
- west

What do you do?


== Ruins ==
You stand in what seems to have once been a dining hall; broken tables and pottery are scattered everywhere.  A staircase here leads down.

Things of interest here:
- concave coin

There are 2 exits:
- down
- west

What do you do?


Taken.

What do you do?


I don't understand; try 'help' for instructions.

What do you do?


== Ruins ==
This seems to be a kitchen; there are brick stoves and shelves along the wall.  Everything here has fallen into disrepair.

Things of interest here:
- corroded coin

There is 1 exit:
- up

What do you do?


Taken.

What do you do?


== Ruins ==
You stand in what seems to have once been a dining hall; broken tables and pottery are scattered everywhere.  A staircase here leads down.

There are 2 exits:
- down
- west

What do you do?


== Ruins ==
You stand in the massive central hall of these ruins.  The walls are crumbling, and vegetation has clearly taken over.  Rooms are attached in all directions.  There is a strange monument in the center of the hall with circular slots and unusual symbols.  It reads:

_ + _ * _^2 + _^3 - _ = 399

There are 4 exits:
- north
- south
- east
- west

What do you do?


== Ruins ==
You find yourself in what was once the living quarters for the complex.  Many smaller rooms which once had walls to divide them now lay in disarray.  There is a staircase up here.

Things of interest here:
- blue coin

There are 2 exits:
- up
- east

What do you do?


Taken.

What do you do?


Your inventory:
- tablet
- lit lantern
- red coin
- corroded coin
- concave coin
- blue coin

What do you do?


== Ruins ==
This was long ago a lavish throne room.  Dried-up fountains and crumbling statues line the walls, and the carved stone throne in the center of the room is falling apart.

Things of interest here:
- shiny coin

There is 1 exit:
- down

What do you do?


Taken.

What do you do?


== Ruins ==
You find yourself in what was once the living quarters for the complex.  Many smaller rooms which once had walls to divide them now lay in disarray.  There is a staircase up here.

There are 2 exits:
- up
- east

What do you do?


== Ruins ==
You stand in the massive central hall of these ruins.  The walls are crumbling, and vegetation has clearly taken over.  Rooms are attached in all directions.  There is a strange monument in the center of the hall with circular slots and unusual symbols.  It reads:

_ + _ * _^2 + _^3 - _ = 399

There are 4 exits:
- north
- south
- east
- west

What do you do?


You place the blue coin into the leftmost open slot.

What do you do?


You place the red coin into the leftmost open slot.

What do you do?


You place the shiny coin into the leftmost open slot.

What do you do?


You place the concave coin into the leftmost open slot.

What do you do?


You place the corroded coin into the leftmost open slot.
As you place the last coin, you hear a click from the north door.

What do you do?


== Ruins ==
Because it has been so well-protected, this room hardly shows signs of decay.  The walls are covered in elaborate murals and decorated with precious metals and stones.

Things of interest here:
- teleporter

There is 1 exit:
- south

What do you do?


Taken.

What do you do?


You activate the teleporter!  As you spiral through time and space, you think you see a pattern in the stars...

    mgItDnwCCDxh

After a few moments, you find yourself back on solid ground and a little disoriented.

== Synacor Headquarters ==
You stand in the lobby of what appears to be a really fun place to work!  Sadly, there doesn't seem to be anyone around at the moment, so you make a note to call them later.  The bookshelf here looks like it might have something interesting in it, though.

Things of interest here:
- business card
- strange book

There is 1 exit:
- outside

What do you do?


Taken.

What do you do?


Taken.

What do you do?


== Synacor Headquarters ==
It's a warm, sunny day!  While the breeze from Lake Erie is certainly refreshing, you don't see anything here that will help you with your quest.

There is 1 exit:
- inside

What do you do?


== Synacor Headquarters ==
You stand in the lobby of what appears to be a really fun place to work!  Sadly, there doesn't seem to be anyone around at the moment, so you make a note to call them later.  The bookshelf here looks like it might have something interesting in it, though.

There is 1 exit:
- outside

What do you do?


You activate the teleporter!  As you spiral through time and space, you think you see a pattern in the stars...

    mgItDnwCCDxh

After a few moments, you find yourself back on solid ground and a little disoriented.

== Synacor Headquarters ==
You stand in the lobby of what appears to be a really fun place to work!  Sadly, there doesn't seem to be anyone around at the moment, so you make a note to call them later.  The bookshelf here looks like it might have something interesting in it, though.

There is 1 exit:
- outside

What do you do?
